<?xml version="1.0" encoding="UTF-8"?>
<testsuite xmlns:xsi="http://www.w3.org/2001/XMLSchema-instance" xsi:noNamespaceSchemaLocation="https://maven.apache.org/surefire/maven-surefire-plugin/xsd/surefire-test-report.xsd" name="com.casumo.devowelizer.DevowelizerServiceTest" time="35.108" tests="15" errors="0" skipped="0" failures="6">
  <properties>
[...]
</properties>
  <testcase name="testDevowelize" classname="com.casumo.devowelizer.DevowelizerServiceTest" time="3.453"/>
  <testcase name="testDevowelize" classname="com.casumo.devowelizer.DevowelizerServiceTest" time="0.039">
    <failure message="1 expectation failed.&#10;Expected status code &lt;200&gt; but was &lt;500&gt;.&#10;" type="java.lang.AssertionError"><![CDATA[java.lang.AssertionError: 
1 expectation failed.
Expected status code <200> but was <500>.

	at com.casumo.devowelizer.DevowelizerServiceTest.testDevowelize(DevowelizerServiceTest.java:60)
]]></failure>
    <system-out><![CDATA[Testing input: world
]]></system-out>
  </testcase>
  <testcase name="testDevowelize" classname="com.casumo.devowelizer.DevowelizerServiceTest" time="2.521">
    <failure message="1 expectation failed.&#10;Response body doesn&apos;t match expectation.&#10;Expected: &quot;&quot;&#10;  Actual: AEIOU&#10;" type="java.lang.AssertionError">java.lang.AssertionError: 
1 expectation failed.
Response body doesn't match expectation.
Expected: ""
  Actual: AEIOU

	at com.casumo.devowelizer.DevowelizerServiceTest.testDevowelize(DevowelizerServiceTest.java:61)
</failure>
    <system-out><![CDATA[Testing input: AEIOU
]]></system-out>
  </testcase>
  <testcase name="testDevowelize" classname="com.casumo.devowelizer.DevowelizerServiceTest" time="3.627"/>
  <testcase name="testDevowelize" classname="com.casumo.devowelizer.DevowelizerServiceTest" time="5.012"/>
  <testcase name="testDevowelize" classname="com.casumo.devowelizer.DevowelizerServiceTest" time="0.026">
    <failure message="1 expectation failed.&#10;Response body doesn&apos;t match expectation.&#10;Expected: &quot;&quot;&#10;  Actual: Send GET to /:input&#10;" type="java.lang.AssertionError">java.lang.AssertionError: 
1 expectation failed.
Response body doesn't match expectation.
Expected: ""
  Actual: Send GET to /:input

	at com.casumo.devowelizer.DevowelizerServiceTest.testDevowelize(DevowelizerServiceTest.java:61)
</failure>
    <system-out><![CDATA[Testing input: 
]]></system-out>
  </testcase>
  <testcase name="testDevowelize" classname="com.casumo.devowelizer.DevowelizerServiceTest" time="0.922"/>
  <testcase name="testDevowelize" classname="com.casumo.devowelizer.DevowelizerServiceTest" time="0.021">
    <failure message="1 expectation failed.&#10;Expected status code &lt;200&gt; but was &lt;500&gt;.&#10;" type="java.lang.AssertionError"><![CDATA[java.lang.AssertionError: 
1 expectation failed.
Expected status code <200> but was <500>.

	at com.casumo.devowelizer.DevowelizerServiceTest.testDevowelize(DevowelizerServiceTest.java:60)
]]></failure>
    <system-out><![CDATA[Testing input: bcdf
]]></system-out>
  </testcase>
  <testcase name="testDevowelize" classname="com.casumo.devowelizer.DevowelizerServiceTest" time="0.918"/>
  <testcase name="testDevowelize" classname="com.casumo.devowelizer.DevowelizerServiceTest" time="2.517"/>
  <testcase name="testDevowelize" classname="com.casumo.devowelizer.DevowelizerServiceTest" time="2.515"/>
  <testcase name="testDevowelize" classname="com.casumo.devowelizer.DevowelizerServiceTest" time="2.514"/>
  <testcase name="testDevowelize" classname="com.casumo.devowelizer.DevowelizerServiceTest" time="0.017">
    <failure message="1 expectation failed.&#10;Expected status code &lt;200&gt; but was &lt;500&gt;.&#10;" type="java.lang.AssertionError"><![CDATA[java.lang.AssertionError: 
1 expectation failed.
Expected status code <200> but was <500>.

	at com.casumo.devowelizer.DevowelizerServiceTest.testDevowelize(DevowelizerServiceTest.java:60)
]]></failure>
    <system-out><![CDATA[Testing input: h3ll0_w0rld!
]]></system-out>
  </testcase>
  <testcase name="testDevowelize" classname="com.casumo.devowelizer.DevowelizerServiceTest" time="5.012">
    <failure message="1 expectation failed.&#10;Response body doesn&apos;t match expectation.&#10;Expected: &quot;hllWRLD&quot;&#10;  Actual: hllWORLD&#10;" type="java.lang.AssertionError">java.lang.AssertionError: 
1 expectation failed.
Response body doesn't match expectation.
Expected: "hllWRLD"
  Actual: hllWORLD

	at com.casumo.devowelizer.DevowelizerServiceTest.testDevowelize(DevowelizerServiceTest.java:61)
</failure>
    <system-out><![CDATA[Testing input: helloWORLD
]]></system-out>
  </testcase>
  <testcase name="testDevowelize" classname="com.casumo.devowelizer.DevowelizerServiceTest" time="5.028"/>
</testsuite>